# Logfile created on 2014-04-12 13:32:31 +0200 by logger.rb/44203
I, [2014-04-12T13:32:31.633589 #2905]  INFO -- : 0:  rake (10.1.1) from /Users/mac/.rvm/gems/ruby-2.1.0/specifications/rake-10.1.1.gemspec
I, [2014-04-12T13:32:31.634012 #2905]  INFO -- : 0:  i18n (0.6.9) from /Users/mac/.rvm/gems/ruby-2.1.0/specifications/i18n-0.6.9.gemspec
I, [2014-04-12T13:32:31.634316 #2905]  INFO -- : 0:  minitest (4.7.5) from /Users/mac/.rvm/rubies/ruby-2.1.0/lib/ruby/gems/2.1.0/specifications/default/minitest-4.7.5.gemspec
I, [2014-04-12T13:32:31.634611 #2905]  INFO -- : 0:  multi_json (1.9.2) from /Users/mac/.rvm/gems/ruby-2.1.0/specifications/multi_json-1.9.2.gemspec
I, [2014-04-12T13:32:31.634906 #2905]  INFO -- : 0:  atomic (1.1.16) from /Users/mac/.rvm/gems/ruby-2.1.0/specifications/atomic-1.1.16.gemspec
I, [2014-04-12T13:32:31.635209 #2905]  INFO -- : 0:  thread_safe (0.3.1) from /Users/mac/.rvm/gems/ruby-2.1.0/specifications/thread_safe-0.3.1.gemspec
I, [2014-04-12T13:32:31.635491 #2905]  INFO -- : 0:  tzinfo (0.3.39) from /Users/mac/.rvm/gems/ruby-2.1.0/specifications/tzinfo-0.3.39.gemspec
I, [2014-04-12T13:32:31.635784 #2905]  INFO -- : 0:  activesupport (4.0.4) from /Users/mac/.rvm/gems/ruby-2.1.0/specifications/activesupport-4.0.4.gemspec
I, [2014-04-12T13:32:31.636071 #2905]  INFO -- : 0:  builder (3.1.4) from /Users/mac/.rvm/gems/ruby-2.1.0/specifications/builder-3.1.4.gemspec
I, [2014-04-12T13:32:31.636362 #2905]  INFO -- : 0:  erubis (2.7.0) from /Users/mac/.rvm/gems/ruby-2.1.0/specifications/erubis-2.7.0.gemspec
I, [2014-04-12T13:32:31.636637 #2905]  INFO -- : 0:  rack (1.5.2) from /Users/mac/.rvm/gems/ruby-2.1.0/specifications/rack-1.5.2.gemspec
I, [2014-04-12T13:32:31.636909 #2905]  INFO -- : 0:  rack-test (0.6.2) from /Users/mac/.rvm/gems/ruby-2.1.0/specifications/rack-test-0.6.2.gemspec
I, [2014-04-12T13:32:31.637196 #2905]  INFO -- : 0:  actionpack (4.0.4) from /Users/mac/.rvm/gems/ruby-2.1.0/specifications/actionpack-4.0.4.gemspec
I, [2014-04-12T13:32:31.637491 #2905]  INFO -- : 0:  mime-types (1.25.1) from /Users/mac/.rvm/gems/ruby-2.1.0/specifications/mime-types-1.25.1.gemspec
I, [2014-04-12T13:32:31.637765 #2905]  INFO -- : 0:  polyglot (0.3.4) from /Users/mac/.rvm/gems/ruby-2.1.0/specifications/polyglot-0.3.4.gemspec
I, [2014-04-12T13:32:31.638042 #2905]  INFO -- : 0:  treetop (1.4.15) from /Users/mac/.rvm/gems/ruby-2.1.0/specifications/treetop-1.4.15.gemspec
I, [2014-04-12T13:32:31.638327 #2905]  INFO -- : 0:  mail (2.5.4) from /Users/mac/.rvm/gems/ruby-2.1.0/specifications/mail-2.5.4.gemspec
I, [2014-04-12T13:32:31.638615 #2905]  INFO -- : 0:  actionmailer (4.0.4) from /Users/mac/.rvm/gems/ruby-2.1.0/specifications/actionmailer-4.0.4.gemspec
I, [2014-04-12T13:32:31.638921 #2905]  INFO -- : 0:  activemodel (4.0.4) from /Users/mac/.rvm/gems/ruby-2.1.0/specifications/activemodel-4.0.4.gemspec
I, [2014-04-12T13:32:31.639230 #2905]  INFO -- : 0:  activerecord-deprecated_finders (1.0.3) from /Users/mac/.rvm/gems/ruby-2.1.0/specifications/activerecord-deprecated_finders-1.0.3.gemspec
I, [2014-04-12T13:32:31.639509 #2905]  INFO -- : 0:  arel (4.0.2) from /Users/mac/.rvm/gems/ruby-2.1.0/specifications/arel-4.0.2.gemspec
I, [2014-04-12T13:32:31.639791 #2905]  INFO -- : 0:  activerecord (4.0.4) from /Users/mac/.rvm/gems/ruby-2.1.0/specifications/activerecord-4.0.4.gemspec
I, [2014-04-12T13:32:31.640110 #2905]  INFO -- : 0:  coffee-script-source (1.7.0) from /Users/mac/.rvm/gems/ruby-2.1.0/specifications/coffee-script-source-1.7.0.gemspec
I, [2014-04-12T13:32:31.640386 #2905]  INFO -- : 0:  execjs (2.0.2) from /Users/mac/.rvm/gems/ruby-2.1.0/specifications/execjs-2.0.2.gemspec
I, [2014-04-12T13:32:31.640691 #2905]  INFO -- : 0:  coffee-script (2.2.0) from /Users/mac/.rvm/gems/ruby-2.1.0/specifications/coffee-script-2.2.0.gemspec
I, [2014-04-12T13:32:31.640985 #2905]  INFO -- : 0:  thor (0.19.0) from /Users/mac/.rvm/gems/ruby-2.1.0/specifications/thor-0.19.0.gemspec
I, [2014-04-12T13:32:31.641278 #2905]  INFO -- : 0:  railties (4.0.4) from /Users/mac/.rvm/gems/ruby-2.1.0/specifications/railties-4.0.4.gemspec
I, [2014-04-12T13:32:31.641568 #2905]  INFO -- : 0:  coffee-rails (4.0.1) from /Users/mac/.rvm/gems/ruby-2.1.0/specifications/coffee-rails-4.0.1.gemspec
I, [2014-04-12T13:32:31.641877 #2905]  INFO -- : 0:  dotenv (0.10.0) from /Users/mac/.rvm/gems/ruby-2.1.0/specifications/dotenv-0.10.0.gemspec
I, [2014-04-12T13:32:31.642173 #2905]  INFO -- : 0:  foreman (0.63.0) from /Users/mac/.rvm/gems/ruby-2.1.0/specifications/foreman-0.63.0.gemspec
I, [2014-04-12T13:32:31.642447 #2905]  INFO -- : 0:  hike (1.2.3) from /Users/mac/.rvm/gems/ruby-2.1.0/specifications/hike-1.2.3.gemspec
I, [2014-04-12T13:32:31.642741 #2905]  INFO -- : 0:  jbuilder (1.5.3) from /Users/mac/.rvm/gems/ruby-2.1.0/specifications/jbuilder-1.5.3.gemspec
I, [2014-04-12T13:32:31.643022 #2905]  INFO -- : 0:  jquery-rails (3.1.0) from /Users/mac/.rvm/gems/ruby-2.1.0/specifications/jquery-rails-3.1.0.gemspec
I, [2014-04-12T13:32:31.643303 #2905]  INFO -- : 0:  json (1.8.1) from /Users/mac/.rvm/rubies/ruby-2.1.0/lib/ruby/gems/2.1.0/specifications/default/json-1.8.1.gemspec
I, [2014-04-12T13:32:31.643594 #2905]  INFO -- : 0:  kgio (2.9.2) from /Users/mac/.rvm/gems/ruby-2.1.0/specifications/kgio-2.9.2.gemspec
I, [2014-04-12T13:32:31.643878 #2905]  INFO -- : 0:  bundler (1.5.1) from /Users/mac/.rvm/gems/ruby-2.1.0@global/specifications/bundler-1.5.1.gemspec
I, [2014-04-12T13:32:31.644162 #2905]  INFO -- : 0:  tilt (1.4.1) from /Users/mac/.rvm/gems/ruby-2.1.0/specifications/tilt-1.4.1.gemspec
I, [2014-04-12T13:32:31.644601 #2905]  INFO -- : 0:  sprockets (2.11.0) from /Users/mac/.rvm/gems/ruby-2.1.0/specifications/sprockets-2.11.0.gemspec
I, [2014-04-12T13:32:31.644925 #2905]  INFO -- : 0:  sprockets-rails (2.0.1) from /Users/mac/.rvm/gems/ruby-2.1.0/specifications/sprockets-rails-2.0.1.gemspec
I, [2014-04-12T13:32:31.645228 #2905]  INFO -- : 0:  rails (4.0.4) from /Users/mac/.rvm/gems/ruby-2.1.0/specifications/rails-4.0.4.gemspec
I, [2014-04-12T13:32:31.645530 #2905]  INFO -- : 0:  raindrops (0.13.0) from /Users/mac/.rvm/gems/ruby-2.1.0/specifications/raindrops-0.13.0.gemspec
I, [2014-04-12T13:32:31.645830 #2905]  INFO -- : 0:  rdoc (4.1.1) from /Users/mac/.rvm/gems/ruby-2.1.0/specifications/rdoc-4.1.1.gemspec
I, [2014-04-12T13:32:31.646131 #2905]  INFO -- : 0:  sass (3.2.17) from /Users/mac/.rvm/gems/ruby-2.1.0/specifications/sass-3.2.17.gemspec
I, [2014-04-12T13:32:31.646443 #2905]  INFO -- : 0:  sass-rails (4.0.2) from /Users/mac/.rvm/gems/ruby-2.1.0/specifications/sass-rails-4.0.2.gemspec
I, [2014-04-12T13:32:31.646747 #2905]  INFO -- : 0:  sdoc (0.4.0) from /Users/mac/.rvm/gems/ruby-2.1.0/specifications/sdoc-0.4.0.gemspec
I, [2014-04-12T13:32:31.647061 #2905]  INFO -- : 0:  sqlite3 (1.3.9) from /Users/mac/.rvm/gems/ruby-2.1.0/specifications/sqlite3-1.3.9.gemspec
I, [2014-04-12T13:32:31.649006 #2905]  INFO -- : 0:  turbolinks (2.2.1) from /Users/mac/.rvm/gems/ruby-2.1.0/specifications/turbolinks-2.2.1.gemspec
I, [2014-04-12T13:32:31.649340 #2905]  INFO -- : 0:  uglifier (2.5.0) from /Users/mac/.rvm/gems/ruby-2.1.0/specifications/uglifier-2.5.0.gemspec
I, [2014-04-12T13:32:31.649612 #2905]  INFO -- : 0:  unicorn (4.8.2) from /Users/mac/.rvm/gems/ruby-2.1.0/specifications/unicorn-4.8.2.gemspec
